2017-10-31 17:45:03,250 - __main__ - INFO - Enter KK Algorithm
2017-10-31 17:45:03,251 - __main__ - INFO - ======================================================================================================================================================
2017-10-31 17:45:03,251 - __main__ - INFO - Created vector v=[22, 21, 1, 20, 10, 10, 10, 10, 0, 10, 10, 0, 10, 10, 0, 3, 1, 2, 2, 0, 2, 2, 0, 2, 2, 0, 2]
2017-10-31 17:45:03,252 - __main__ - INFO - Cost: 2
2017-10-31 17:45:03,252 - __main__ - INFO - ------------------------------------------------------------------------------------------------------------------------------------------------------
2017-10-31 17:45:03,252 - __main__ - INFO - Created partition s1 = [2]
2017-10-31 17:45:03,252 - __main__ - INFO - Created partition s2 = [0]
2017-10-31 17:45:03,252 - __main__ - INFO - ------------------------------------------------------------------------------------------------------------------------------------------------------
2017-10-31 17:45:03,252 - __main__ - INFO - Created partition s1 = [2]
2017-10-31 17:45:03,252 - __main__ - INFO - Created partition s2 = [0, 0]
2017-10-31 17:45:03,252 - __main__ - INFO - ------------------------------------------------------------------------------------------------------------------------------------------------------
2017-10-31 17:45:03,252 - __main__ - INFO - Created partition s1 = [2]
2017-10-31 17:45:03,252 - __main__ - INFO - Created partition s2 = [0, 0, 0]
2017-10-31 17:45:03,252 - __main__ - INFO - ------------------------------------------------------------------------------------------------------------------------------------------------------
2017-10-31 17:45:03,252 - __main__ - INFO - Created partition s1 = [3]
2017-10-31 17:45:03,253 - __main__ - INFO - Created partition s2 = [0, 0, 0, 1]
2017-10-31 17:45:03,253 - __main__ - INFO - ------------------------------------------------------------------------------------------------------------------------------------------------------
2017-10-31 17:45:03,253 - __main__ - INFO - Created partition s1 = [3, 10]
2017-10-31 17:45:03,253 - __main__ - INFO - Created partition s2 = [10, 0, 0, 1]
2017-10-31 17:45:03,253 - __main__ - INFO - ------------------------------------------------------------------------------------------------------------------------------------------------------
2017-10-31 17:45:03,253 - __main__ - INFO - Created partition s1 = [3, 10, 10]
2017-10-31 17:45:03,253 - __main__ - INFO - Created partition s2 = [10, 10, 0, 1]
2017-10-31 17:45:03,253 - __main__ - INFO - ------------------------------------------------------------------------------------------------------------------------------------------------------
2017-10-31 17:45:03,253 - __main__ - INFO - Created partition s1 = [3, 10, 10, 10]
2017-10-31 17:45:03,253 - __main__ - INFO - Created partition s2 = [10, 10, 10, 1]
2017-10-31 17:45:03,253 - __main__ - INFO - ------------------------------------------------------------------------------------------------------------------------------------------------------
2017-10-31 17:45:03,253 - __main__ - INFO - Created partition s1 = [3, 20, 10, 10]
2017-10-31 17:45:03,253 - __main__ - INFO - Created partition s2 = [10, 10, 10, 1, 10]
2017-10-31 17:45:03,254 - __main__ - INFO - ------------------------------------------------------------------------------------------------------------------------------------------------------
2017-10-31 17:45:03,254 - __main__ - INFO - Created partition s1 = [3, 20, 10, 10, 21]
2017-10-31 17:45:03,254 - __main__ - INFO - Created partition s2 = [10, 10, 10, 22, 10]
2017-10-31 17:45:03,254 - __main__ - INFO - Enter CKK Algorithm
2017-10-31 17:45:03,254 - __main__ - INFO - ======================================================================================================================================================
2017-10-31 17:45:03,254 - __main__ - INFO - Found Optimal Solution!
2017-10-31 17:45:03,254 - __main__ - INFO - Created vector v=[22, 21, 43, 43, 20, 63]
2017-10-31 17:45:03,254 - __main__ - INFO - Cost: 0
2017-10-31 17:45:03,254 - __main__ - INFO - Created partition s1 = [20, 43]
2017-10-31 17:45:03,254 - __main__ - INFO - Created partition s2 = [3, 10, 10, 10, 10, 10, 10]
2017-10-31 17:45:03,255 - __main__ - INFO - Created partition s1 = [20, 21, 22]
2017-10-31 17:45:03,255 - __main__ - INFO - Created partition s2 = [3, 10, 10, 10, 10, 10, 10, 3, 10, 10, 10, 10, 10, 10]
2017-10-31 17:47:10,894 - __main__ - INFO - Enter KK Algorithm
2017-10-31 17:47:10,894 - __main__ - INFO - =============================================================================================================================
2017-10-31 17:47:10,895 - __main__ - INFO - Created vector v=[22, 21, 1, 20, 10, 10, 10, 10, 0, 10, 10, 0, 10, 10, 0, 3, 1, 2, 2, 0, 2, 2, 0, 2, 2, 0, 2]
2017-10-31 17:47:10,895 - __main__ - INFO - Cost: 2
2017-10-31 17:47:10,895 - __main__ - INFO - -----------------------------------------------------------------------------------------------------------------------------
2017-10-31 17:47:10,895 - __main__ - INFO - Created partition s1 = [2]
2017-10-31 17:47:10,895 - __main__ - INFO - Created partition s2 = [0]
2017-10-31 17:47:10,896 - __main__ - INFO - -----------------------------------------------------------------------------------------------------------------------------
2017-10-31 17:47:10,896 - __main__ - INFO - Created partition s1 = [2]
2017-10-31 17:47:10,896 - __main__ - INFO - Created partition s2 = [0, 0]
2017-10-31 17:47:10,896 - __main__ - INFO - -----------------------------------------------------------------------------------------------------------------------------
2017-10-31 17:47:10,896 - __main__ - INFO - Created partition s1 = [2]
2017-10-31 17:47:10,896 - __main__ - INFO - Created partition s2 = [0, 0, 0]
2017-10-31 17:47:10,896 - __main__ - INFO - -----------------------------------------------------------------------------------------------------------------------------
2017-10-31 17:47:10,896 - __main__ - INFO - Created partition s1 = [3]
2017-10-31 17:47:10,896 - __main__ - INFO - Created partition s2 = [0, 0, 0, 1]
2017-10-31 17:47:10,896 - __main__ - INFO - -----------------------------------------------------------------------------------------------------------------------------
2017-10-31 17:47:10,896 - __main__ - INFO - Created partition s1 = [3, 10]
2017-10-31 17:47:10,896 - __main__ - INFO - Created partition s2 = [10, 0, 0, 1]
2017-10-31 17:47:10,897 - __main__ - INFO - -----------------------------------------------------------------------------------------------------------------------------
2017-10-31 17:47:10,897 - __main__ - INFO - Created partition s1 = [3, 10, 10]
2017-10-31 17:47:10,897 - __main__ - INFO - Created partition s2 = [10, 10, 0, 1]
2017-10-31 17:47:10,897 - __main__ - INFO - -----------------------------------------------------------------------------------------------------------------------------
2017-10-31 17:47:10,897 - __main__ - INFO - Created partition s1 = [3, 10, 10, 10]
2017-10-31 17:47:10,897 - __main__ - INFO - Created partition s2 = [10, 10, 10, 1]
2017-10-31 17:47:10,897 - __main__ - INFO - -----------------------------------------------------------------------------------------------------------------------------
2017-10-31 17:47:10,897 - __main__ - INFO - Created partition s1 = [3, 20, 10, 10]
2017-10-31 17:47:10,897 - __main__ - INFO - Created partition s2 = [10, 10, 10, 1, 10]
2017-10-31 17:47:10,897 - __main__ - INFO - -----------------------------------------------------------------------------------------------------------------------------
2017-10-31 17:47:10,897 - __main__ - INFO - Created partition s1 = [3, 20, 10, 10, 21]
2017-10-31 17:47:10,897 - __main__ - INFO - Created partition s2 = [10, 10, 10, 22, 10]
2017-10-31 17:47:10,898 - __main__ - INFO - Enter CKK Algorithm
2017-10-31 17:47:10,898 - __main__ - INFO - =============================================================================================================================
2017-10-31 17:47:10,898 - __main__ - INFO - Found Optimal Solution!
2017-10-31 17:47:10,898 - __main__ - INFO - Created vector v=[22, 21, 43, 43, 20, 63]
2017-10-31 17:47:10,898 - __main__ - INFO - Cost: 0
2017-10-31 17:47:10,898 - __main__ - INFO - Created partition s1 = [20, 43]
2017-10-31 17:47:10,898 - __main__ - INFO - Created partition s2 = [3, 10, 10, 10, 10, 10, 10]
2017-10-31 17:47:10,898 - __main__ - INFO - Created partition s1 = [20, 21, 22]
2017-10-31 17:47:10,898 - __main__ - INFO - Created partition s2 = [3, 10, 10, 10, 10, 10, 10, 3, 10, 10, 10, 10, 10, 10]
2017-10-31 17:48:15,586 - __main__ - INFO - Enter KK Algorithm
2017-10-31 17:48:15,586 - __main__ - INFO - ========================================================================================================================
2017-10-31 17:48:15,587 - __main__ - INFO - Created vector v=[22, 21, 1, 20, 10, 10, 10, 10, 0, 10, 10, 0, 10, 10, 0, 3, 1, 2, 2, 0, 2, 2, 0, 2, 2, 0, 2]
2017-10-31 17:48:15,587 - __main__ - INFO - Cost: 2
2017-10-31 17:48:15,587 - __main__ - INFO - ------------------------------------------------------------------------------------------------------------------------
2017-10-31 17:48:15,587 - __main__ - INFO - Created partition s1 = [2]
2017-10-31 17:48:15,587 - __main__ - INFO - Created partition s2 = [0]
2017-10-31 17:48:15,588 - __main__ - INFO - ------------------------------------------------------------------------------------------------------------------------
2017-10-31 17:48:15,588 - __main__ - INFO - Created partition s1 = [2]
2017-10-31 17:48:15,588 - __main__ - INFO - Created partition s2 = [0, 0]
2017-10-31 17:48:15,588 - __main__ - INFO - ------------------------------------------------------------------------------------------------------------------------
2017-10-31 17:48:15,588 - __main__ - INFO - Created partition s1 = [2]
2017-10-31 17:48:15,588 - __main__ - INFO - Created partition s2 = [0, 0, 0]
2017-10-31 17:48:15,588 - __main__ - INFO - ------------------------------------------------------------------------------------------------------------------------
2017-10-31 17:48:15,588 - __main__ - INFO - Created partition s1 = [3]
2017-10-31 17:48:15,588 - __main__ - INFO - Created partition s2 = [0, 0, 0, 1]
2017-10-31 17:48:15,588 - __main__ - INFO - ------------------------------------------------------------------------------------------------------------------------
2017-10-31 17:48:15,588 - __main__ - INFO - Created partition s1 = [3, 10]
2017-10-31 17:48:15,588 - __main__ - INFO - Created partition s2 = [10, 0, 0, 1]
2017-10-31 17:48:15,589 - __main__ - INFO - ------------------------------------------------------------------------------------------------------------------------
2017-10-31 17:48:15,589 - __main__ - INFO - Created partition s1 = [3, 10, 10]
2017-10-31 17:48:15,589 - __main__ - INFO - Created partition s2 = [10, 10, 0, 1]
2017-10-31 17:48:15,589 - __main__ - INFO - ------------------------------------------------------------------------------------------------------------------------
2017-10-31 17:48:15,589 - __main__ - INFO - Created partition s1 = [3, 10, 10, 10]
2017-10-31 17:48:15,589 - __main__ - INFO - Created partition s2 = [10, 10, 10, 1]
2017-10-31 17:48:15,589 - __main__ - INFO - ------------------------------------------------------------------------------------------------------------------------
2017-10-31 17:48:15,589 - __main__ - INFO - Created partition s1 = [3, 20, 10, 10]
2017-10-31 17:48:15,589 - __main__ - INFO - Created partition s2 = [10, 10, 10, 1, 10]
2017-10-31 17:48:15,589 - __main__ - INFO - ------------------------------------------------------------------------------------------------------------------------
2017-10-31 17:48:15,589 - __main__ - INFO - Created partition s1 = [3, 20, 10, 10, 21]
2017-10-31 17:48:15,589 - __main__ - INFO - Created partition s2 = [10, 10, 10, 22, 10]
2017-10-31 17:48:15,590 - __main__ - INFO - Enter CKK Algorithm
2017-10-31 17:48:15,590 - __main__ - INFO - ========================================================================================================================
2017-10-31 17:48:15,590 - __main__ - INFO - Found Optimal Solution!
2017-10-31 17:48:15,590 - __main__ - INFO - Created vector v=[22, 21, 43, 43, 20, 63]
2017-10-31 17:48:15,590 - __main__ - INFO - Cost: 0
2017-10-31 17:48:15,590 - __main__ - INFO - Created partition s1 = [20, 43]
2017-10-31 17:48:15,590 - __main__ - INFO - Created partition s2 = [3, 10, 10, 10, 10, 10, 10]
2017-10-31 17:48:15,590 - __main__ - INFO - Created partition s1 = [20, 21, 22]
2017-10-31 17:48:15,590 - __main__ - INFO - Created partition s2 = [3, 10, 10, 10, 10, 10, 10, 3, 10, 10, 10, 10, 10, 10]
2017-10-31 17:50:19,087 - __main__ - INFO - Enter KK Algorithm
2017-10-31 17:50:19,087 - __main__ - INFO - ========================================================================================================================
2017-10-31 17:50:19,087 - __main__ - DEBUG - a: old [3, 10, 10, 10, 10, 10, 10, 20, 21, 22]
2017-10-31 17:50:19,087 - __main__ - DEBUG - a: new [1, 3, 10, 10, 10, 10, 10, 10, 20]
2017-10-31 17:50:19,087 - __main__ - DEBUG - cost = 1
2017-10-31 17:50:19,087 - __main__ - DEBUG - ------------------------------------------------------------------------------------------------------------------------
2017-10-31 17:50:19,087 - __main__ - DEBUG - a: old [1, 3, 10, 10, 10, 10, 10, 10, 20]
2017-10-31 17:50:19,088 - __main__ - DEBUG - a: new [1, 3, 10, 10, 10, 10, 10, 10]
2017-10-31 17:50:19,088 - __main__ - DEBUG - cost = 10
2017-10-31 17:50:19,088 - __main__ - DEBUG - ------------------------------------------------------------------------------------------------------------------------
2017-10-31 17:50:19,088 - __main__ - DEBUG - a: old [1, 3, 10, 10, 10, 10, 10, 10]
2017-10-31 17:50:19,088 - __main__ - DEBUG - a: new [0, 1, 3, 10, 10, 10, 10]
2017-10-31 17:50:19,088 - __main__ - DEBUG - cost = 0
2017-10-31 17:50:19,088 - __main__ - DEBUG - ------------------------------------------------------------------------------------------------------------------------
2017-10-31 17:50:19,088 - __main__ - DEBUG - a: old [0, 1, 3, 10, 10, 10, 10]
2017-10-31 17:50:19,088 - __main__ - DEBUG - a: new [0, 0, 1, 3, 10, 10]
2017-10-31 17:50:19,088 - __main__ - DEBUG - cost = 0
2017-10-31 17:50:19,088 - __main__ - DEBUG - ------------------------------------------------------------------------------------------------------------------------
2017-10-31 17:50:19,088 - __main__ - DEBUG - a: old [0, 0, 1, 3, 10, 10]
2017-10-31 17:50:19,088 - __main__ - DEBUG - a: new [0, 0, 0, 1, 3]
2017-10-31 17:50:19,088 - __main__ - DEBUG - cost = 0
2017-10-31 17:50:19,089 - __main__ - DEBUG - ------------------------------------------------------------------------------------------------------------------------
2017-10-31 17:50:19,089 - __main__ - DEBUG - a: old [0, 0, 0, 1, 3]
2017-10-31 17:50:19,089 - __main__ - DEBUG - a: new [0, 0, 0, 2]
2017-10-31 17:50:19,089 - __main__ - DEBUG - cost = 2
2017-10-31 17:50:19,089 - __main__ - DEBUG - ------------------------------------------------------------------------------------------------------------------------
2017-10-31 17:50:19,089 - __main__ - DEBUG - a: old [0, 0, 0, 2]
2017-10-31 17:50:19,089 - __main__ - DEBUG - a: new [0, 0, 2]
2017-10-31 17:50:19,089 - __main__ - DEBUG - cost = 2
2017-10-31 17:50:19,089 - __main__ - DEBUG - ------------------------------------------------------------------------------------------------------------------------
2017-10-31 17:50:19,089 - __main__ - DEBUG - a: old [0, 0, 2]
2017-10-31 17:50:19,089 - __main__ - DEBUG - a: new [0, 2]
2017-10-31 17:50:19,089 - __main__ - DEBUG - cost = 2
2017-10-31 17:50:19,089 - __main__ - DEBUG - ------------------------------------------------------------------------------------------------------------------------
2017-10-31 17:50:19,089 - __main__ - DEBUG - a: old [0, 2]
2017-10-31 17:50:19,090 - __main__ - DEBUG - a: new [2]
2017-10-31 17:50:19,090 - __main__ - DEBUG - cost = 2
2017-10-31 17:50:19,090 - __main__ - DEBUG - ------------------------------------------------------------------------------------------------------------------------
2017-10-31 17:50:19,090 - __main__ - INFO - Created vector v=[22, 21, 1, 20, 10, 10, 10, 10, 0, 10, 10, 0, 10, 10, 0, 3, 1, 2, 2, 0, 2, 2, 0, 2, 2, 0, 2]
2017-10-31 17:50:19,090 - __main__ - INFO - Cost: 2
2017-10-31 17:50:19,090 - __main__ - DEBUG - v=[22, 21, 1, 20, 10, 10, 10, 10, 0, 10, 10, 0, 10, 10, 0, 3, 1, 2, 2, 0, 2, 2, 0, 2, 2, 0, 2]
2017-10-31 17:50:19,090 - __main__ - INFO - ------------------------------------------------------------------------------------------------------------------------
2017-10-31 17:50:19,090 - __main__ - INFO - Created partition s1 = [2]
2017-10-31 17:50:19,090 - __main__ - INFO - Created partition s2 = [0]
2017-10-31 17:50:19,090 - __main__ - DEBUG - v=[22, 21, 1, 20, 10, 10, 10, 10, 0, 10, 10, 0, 10, 10, 0, 3, 1, 2, 2, 0, 2, 2, 0, 2]
2017-10-31 17:50:19,090 - __main__ - INFO - ------------------------------------------------------------------------------------------------------------------------
2017-10-31 17:50:19,090 - __main__ - INFO - Created partition s1 = [2]
2017-10-31 17:50:19,090 - __main__ - INFO - Created partition s2 = [0, 0]
2017-10-31 17:50:19,090 - __main__ - DEBUG - v=[22, 21, 1, 20, 10, 10, 10, 10, 0, 10, 10, 0, 10, 10, 0, 3, 1, 2, 2, 0, 2]
2017-10-31 17:50:19,091 - __main__ - INFO - ------------------------------------------------------------------------------------------------------------------------
2017-10-31 17:50:19,091 - __main__ - INFO - Created partition s1 = [2]
2017-10-31 17:50:19,091 - __main__ - INFO - Created partition s2 = [0, 0, 0]
2017-10-31 17:50:19,091 - __main__ - DEBUG - v=[22, 21, 1, 20, 10, 10, 10, 10, 0, 10, 10, 0, 10, 10, 0, 3, 1, 2]
2017-10-31 17:50:19,091 - __main__ - INFO - ------------------------------------------------------------------------------------------------------------------------
2017-10-31 17:50:19,091 - __main__ - INFO - Created partition s1 = [3]
2017-10-31 17:50:19,091 - __main__ - INFO - Created partition s2 = [0, 0, 0, 1]
2017-10-31 17:50:19,091 - __main__ - DEBUG - v=[22, 21, 1, 20, 10, 10, 10, 10, 0, 10, 10, 0, 10, 10, 0]
2017-10-31 17:50:19,091 - __main__ - INFO - ------------------------------------------------------------------------------------------------------------------------
2017-10-31 17:50:19,091 - __main__ - INFO - Created partition s1 = [3, 10]
2017-10-31 17:50:19,091 - __main__ - INFO - Created partition s2 = [10, 0, 0, 1]
2017-10-31 17:50:19,091 - __main__ - DEBUG - v=[22, 21, 1, 20, 10, 10, 10, 10, 0, 10, 10, 0]
2017-10-31 17:50:19,091 - __main__ - INFO - ------------------------------------------------------------------------------------------------------------------------
2017-10-31 17:50:19,091 - __main__ - INFO - Created partition s1 = [3, 10, 10]
2017-10-31 17:50:19,092 - __main__ - INFO - Created partition s2 = [10, 10, 0, 1]
2017-10-31 17:50:19,092 - __main__ - DEBUG - v=[22, 21, 1, 20, 10, 10, 10, 10, 0]
2017-10-31 17:50:19,092 - __main__ - INFO - ------------------------------------------------------------------------------------------------------------------------
2017-10-31 17:50:19,092 - __main__ - INFO - Created partition s1 = [3, 10, 10, 10]
2017-10-31 17:50:19,092 - __main__ - INFO - Created partition s2 = [10, 10, 10, 1]
2017-10-31 17:50:19,092 - __main__ - DEBUG - v=[22, 21, 1, 20, 10, 10]
2017-10-31 17:50:19,092 - __main__ - INFO - ------------------------------------------------------------------------------------------------------------------------
2017-10-31 17:50:19,092 - __main__ - INFO - Created partition s1 = [3, 20, 10, 10]
2017-10-31 17:50:19,092 - __main__ - INFO - Created partition s2 = [10, 10, 10, 1, 10]
2017-10-31 17:50:19,092 - __main__ - DEBUG - v=[22, 21, 1]
2017-10-31 17:50:19,092 - __main__ - INFO - ------------------------------------------------------------------------------------------------------------------------
2017-10-31 17:50:19,092 - __main__ - INFO - Created partition s1 = [3, 20, 10, 10, 21]
2017-10-31 17:50:19,092 - __main__ - INFO - Created partition s2 = [10, 10, 10, 22, 10]
2017-10-31 17:50:19,092 - __main__ - INFO - Enter CKK Algorithm
2017-10-31 17:50:19,093 - __main__ - INFO - ========================================================================================================================
2017-10-31 17:50:19,093 - __main__ - DEBUG - a: old [3, 10, 10, 10, 10, 10, 10, 20, 21, 22]
2017-10-31 17:50:19,093 - __main__ - DEBUG - a: new [3, 10, 10, 10, 10, 10, 10, 20, 43]
2017-10-31 17:50:19,093 - __main__ - DEBUG - cost = -40
2017-10-31 17:50:19,093 - __main__ - DEBUG - ------------------------------------------------------------------------------------------------------------------------
2017-10-31 17:50:19,093 - __main__ - DEBUG - a: old [3, 10, 10, 10, 10, 10, 10, 20, 43]
2017-10-31 17:50:19,093 - __main__ - DEBUG - a: new [3, 10, 10, 10, 10, 10, 10, 63]
2017-10-31 17:50:19,093 - __main__ - DEBUG - cost = 0
2017-10-31 17:50:19,093 - __main__ - INFO - Found Optimal Solution!
2017-10-31 17:50:19,093 - __main__ - INFO - Created vector v=[22, 21, 43, 43, 20, 63]
2017-10-31 17:50:19,093 - __main__ - INFO - Cost: 0
2017-10-31 17:50:19,093 - __main__ - DEBUG - v=[22, 21, 43, 43, 20, 63]
2017-10-31 17:50:19,093 - __main__ - DEBUG - =================================
2017-10-31 17:50:19,093 - __main__ - INFO - Created partition s1 = [20, 43]
2017-10-31 17:50:19,094 - __main__ - INFO - Created partition s2 = [3, 10, 10, 10, 10, 10, 10]
2017-10-31 17:50:19,094 - __main__ - DEBUG - v=[22, 21, 43]
2017-10-31 17:50:19,094 - __main__ - DEBUG - =================================
2017-10-31 17:50:19,094 - __main__ - INFO - Created partition s1 = [20, 21, 22]
2017-10-31 17:50:19,094 - __main__ - INFO - Created partition s2 = [3, 10, 10, 10, 10, 10, 10, 3, 10, 10, 10, 10, 10, 10]
2017-10-31 17:55:34,392 - __main__ - INFO - Enter KK Algorithm
2017-10-31 17:55:34,392 - __main__ - INFO - ========================================================================================================================
2017-10-31 17:55:34,392 - __main__ - DEBUG - a: old [3, 10, 10, 10, 10, 10, 10, 20, 21, 22]
2017-10-31 17:55:34,392 - __main__ - DEBUG - a: new [1, 3, 10, 10, 10, 10, 10, 10, 20]
2017-10-31 17:55:34,392 - __main__ - DEBUG - cost = 1
2017-10-31 17:55:34,392 - __main__ - DEBUG - ------------------------------------------------------------------------------------------------------------------------
2017-10-31 17:55:34,392 - __main__ - DEBUG - a: old [1, 3, 10, 10, 10, 10, 10, 10, 20]
2017-10-31 17:55:34,392 - __main__ - DEBUG - a: new [1, 3, 10, 10, 10, 10, 10, 10]
2017-10-31 17:55:34,392 - __main__ - DEBUG - cost = 10
2017-10-31 17:55:34,393 - __main__ - DEBUG - ------------------------------------------------------------------------------------------------------------------------
2017-10-31 17:55:34,393 - __main__ - DEBUG - a: old [1, 3, 10, 10, 10, 10, 10, 10]
2017-10-31 17:55:34,393 - __main__ - DEBUG - a: new [0, 1, 3, 10, 10, 10, 10]
2017-10-31 17:55:34,393 - __main__ - DEBUG - cost = 0
2017-10-31 17:55:34,393 - __main__ - DEBUG - ------------------------------------------------------------------------------------------------------------------------
2017-10-31 17:55:34,393 - __main__ - DEBUG - a: old [0, 1, 3, 10, 10, 10, 10]
2017-10-31 17:55:34,393 - __main__ - DEBUG - a: new [0, 0, 1, 3, 10, 10]
2017-10-31 17:55:34,393 - __main__ - DEBUG - cost = 0
2017-10-31 17:55:34,393 - __main__ - DEBUG - ------------------------------------------------------------------------------------------------------------------------
2017-10-31 17:55:34,393 - __main__ - DEBUG - a: old [0, 0, 1, 3, 10, 10]
2017-10-31 17:55:34,393 - __main__ - DEBUG - a: new [0, 0, 0, 1, 3]
2017-10-31 17:55:34,393 - __main__ - DEBUG - cost = 0
2017-10-31 17:55:34,393 - __main__ - DEBUG - ------------------------------------------------------------------------------------------------------------------------
2017-10-31 17:55:34,393 - __main__ - DEBUG - a: old [0, 0, 0, 1, 3]
2017-10-31 17:55:34,394 - __main__ - DEBUG - a: new [0, 0, 0, 2]
2017-10-31 17:55:34,394 - __main__ - DEBUG - cost = 2
2017-10-31 17:55:34,394 - __main__ - DEBUG - ------------------------------------------------------------------------------------------------------------------------
2017-10-31 17:55:34,394 - __main__ - DEBUG - a: old [0, 0, 0, 2]
2017-10-31 17:55:34,394 - __main__ - DEBUG - a: new [0, 0, 2]
2017-10-31 17:55:34,394 - __main__ - DEBUG - cost = 2
2017-10-31 17:55:34,394 - __main__ - DEBUG - ------------------------------------------------------------------------------------------------------------------------
2017-10-31 17:55:34,394 - __main__ - DEBUG - a: old [0, 0, 2]
2017-10-31 17:55:34,394 - __main__ - DEBUG - a: new [0, 2]
2017-10-31 17:55:34,394 - __main__ - DEBUG - cost = 2
2017-10-31 17:55:34,394 - __main__ - DEBUG - ------------------------------------------------------------------------------------------------------------------------
2017-10-31 17:55:34,394 - __main__ - DEBUG - a: old [0, 2]
2017-10-31 17:55:34,394 - __main__ - DEBUG - a: new [2]
2017-10-31 17:55:34,395 - __main__ - DEBUG - cost = 2
2017-10-31 17:55:34,395 - __main__ - DEBUG - ------------------------------------------------------------------------------------------------------------------------
2017-10-31 17:55:34,395 - __main__ - INFO - Created vector v=[22, 21, 1, 20, 10, 10, 10, 10, 0, 10, 10, 0, 10, 10, 0, 3, 1, 2, 2, 0, 2, 2, 0, 2, 2, 0, 2]
2017-10-31 17:55:34,395 - __main__ - INFO - Cost: 2
2017-10-31 17:55:34,395 - __main__ - DEBUG - v=[22, 21, 1, 20, 10, 10, 10, 10, 0, 10, 10, 0, 10, 10, 0, 3, 1, 2, 2, 0, 2, 2, 0, 2, 2, 0, 2]
2017-10-31 17:55:34,395 - __main__ - INFO - ------------------------------------------------------------------------------------------------------------------------
2017-10-31 17:55:34,395 - __main__ - INFO - Created partition s1 = [2]
2017-10-31 17:55:34,395 - __main__ - INFO - Created partition s2 = [0]
2017-10-31 17:55:34,395 - __main__ - DEBUG - v=[22, 21, 1, 20, 10, 10, 10, 10, 0, 10, 10, 0, 10, 10, 0, 3, 1, 2, 2, 0, 2, 2, 0, 2]
2017-10-31 17:55:34,395 - __main__ - INFO - ------------------------------------------------------------------------------------------------------------------------
2017-10-31 17:55:34,395 - __main__ - INFO - Created partition s1 = [2]
2017-10-31 17:55:34,396 - __main__ - INFO - Created partition s2 = [0, 0]
2017-10-31 17:55:34,396 - __main__ - DEBUG - v=[22, 21, 1, 20, 10, 10, 10, 10, 0, 10, 10, 0, 10, 10, 0, 3, 1, 2, 2, 0, 2]
2017-10-31 17:55:34,396 - __main__ - INFO - ------------------------------------------------------------------------------------------------------------------------
2017-10-31 17:55:34,396 - __main__ - INFO - Created partition s1 = [2]
2017-10-31 17:55:34,396 - __main__ - INFO - Created partition s2 = [0, 0, 0]
2017-10-31 17:55:34,396 - __main__ - DEBUG - v=[22, 21, 1, 20, 10, 10, 10, 10, 0, 10, 10, 0, 10, 10, 0, 3, 1, 2]
2017-10-31 17:55:34,396 - __main__ - INFO - ------------------------------------------------------------------------------------------------------------------------
2017-10-31 17:55:34,396 - __main__ - INFO - Created partition s1 = [3]
2017-10-31 17:55:34,396 - __main__ - INFO - Created partition s2 = [0, 0, 0, 1]
2017-10-31 17:55:34,396 - __main__ - DEBUG - v=[22, 21, 1, 20, 10, 10, 10, 10, 0, 10, 10, 0, 10, 10, 0]
2017-10-31 17:55:34,397 - __main__ - INFO - ------------------------------------------------------------------------------------------------------------------------
2017-10-31 17:55:34,397 - __main__ - INFO - Created partition s1 = [3, 10]
2017-10-31 17:55:34,397 - __main__ - INFO - Created partition s2 = [10, 0, 0, 1]
2017-10-31 17:55:34,397 - __main__ - DEBUG - v=[22, 21, 1, 20, 10, 10, 10, 10, 0, 10, 10, 0]
2017-10-31 17:55:34,397 - __main__ - INFO - ------------------------------------------------------------------------------------------------------------------------
2017-10-31 17:55:34,397 - __main__ - INFO - Created partition s1 = [3, 10, 10]
2017-10-31 17:55:34,397 - __main__ - INFO - Created partition s2 = [10, 10, 0, 1]
2017-10-31 17:55:34,397 - __main__ - DEBUG - v=[22, 21, 1, 20, 10, 10, 10, 10, 0]
2017-10-31 17:55:34,397 - __main__ - INFO - ------------------------------------------------------------------------------------------------------------------------
2017-10-31 17:55:34,397 - __main__ - INFO - Created partition s1 = [3, 10, 10, 10]
2017-10-31 17:55:34,398 - __main__ - INFO - Created partition s2 = [10, 10, 10, 1]
2017-10-31 17:55:34,398 - __main__ - DEBUG - v=[22, 21, 1, 20, 10, 10]
2017-10-31 17:55:34,398 - __main__ - INFO - ------------------------------------------------------------------------------------------------------------------------
2017-10-31 17:55:34,398 - __main__ - INFO - Created partition s1 = [3, 20, 10, 10]
2017-10-31 17:55:34,398 - __main__ - INFO - Created partition s2 = [10, 10, 10, 1, 10]
2017-10-31 17:55:34,398 - __main__ - DEBUG - v=[22, 21, 1]
2017-10-31 17:55:34,398 - __main__ - INFO - ------------------------------------------------------------------------------------------------------------------------
2017-10-31 17:55:34,398 - __main__ - INFO - Created partition s1 = [3, 20, 10, 10, 21]
2017-10-31 17:55:34,398 - __main__ - INFO - Created partition s2 = [10, 10, 10, 22, 10]
2017-10-31 17:55:34,398 - __main__ - INFO - Enter CKK Algorithm
2017-10-31 17:55:34,399 - __main__ - INFO - ========================================================================================================================
2017-10-31 17:55:34,399 - __main__ - DEBUG - a: old [3, 10, 10, 10, 10, 10, 10, 20, 21, 22]
2017-10-31 17:55:34,399 - __main__ - DEBUG - a: new [3, 10, 10, 10, 10, 10, 10, 20, 43]
2017-10-31 17:55:34,399 - __main__ - DEBUG - cost = -40
2017-10-31 17:55:34,399 - __main__ - DEBUG - ------------------------------------------------------------------------------------------------------------------------
2017-10-31 17:55:34,399 - __main__ - DEBUG - a: old [3, 10, 10, 10, 10, 10, 10, 20, 43]
2017-10-31 17:55:34,399 - __main__ - DEBUG - a: new [3, 10, 10, 10, 10, 10, 10, 63]
2017-10-31 17:55:34,399 - __main__ - DEBUG - cost = 0
2017-10-31 17:55:34,399 - __main__ - INFO - Found Optimal Solution!
2017-10-31 17:55:34,399 - __main__ - INFO - Created vector v=[22, 21, 43, 43, 20, 63]
2017-10-31 17:55:34,399 - __main__ - INFO - Cost: 0
2017-10-31 17:55:34,399 - __main__ - DEBUG - v=[22, 21, 43, 43, 20, 63]
2017-10-31 17:55:34,400 - __main__ - DEBUG - =================================
2017-10-31 17:55:34,400 - __main__ - INFO - Created partition s1 = [20, 43]
2017-10-31 17:55:34,400 - __main__ - INFO - Created partition s2 = [3, 10, 10, 10, 10, 10, 10]
2017-10-31 17:55:34,400 - __main__ - DEBUG - v=[22, 21, 43]
2017-10-31 17:55:34,400 - __main__ - DEBUG - =================================
2017-10-31 17:55:34,400 - __main__ - INFO - Created partition s1 = [20, 21, 22]
2017-10-31 17:55:34,400 - __main__ - INFO - Created partition s2 = [3, 10, 10, 10, 10, 10, 10, 3, 10, 10, 10, 10, 10, 10]
